# JRE version: Java(TM) SE Runtime Environment (8.0_11-b12) (build 1.8.0_11-b12)
# Java VM: Java HotSpot(TM) 64-Bit Server VM (25.11-b03 mixed mode windows-amd64 compressed oops)
Heap:
 PSYoungGen      total 99328K, used 94499K [0x00000000d6000000, 0x00000000dcd00000, 0x0000000100000000)
  eden space 88064K, 98% used [0x00000000d6000000,0x00000000db4d3b70,0x00000000db600000)
  from space 11264K, 67% used [0x00000000dc180000,0x00000000dc8f5390,0x00000000dcc80000)
  to   space 11776K, 0% used [0x00000000db600000,0x00000000db600000,0x00000000dc180000)
 ParOldGen       total 27648K, used 18592K [0x0000000082000000, 0x0000000083b00000, 0x00000000d6000000)
  object space 27648K, 67% used [0x0000000082000000,0x0000000083228298,0x0000000083b00000)
 Metaspace       used 62007K, capacity 65616K, committed 65792K, reserved 1105920K
  class space    used 8378K, capacity 8940K, committed 8960K, reserved 1048576K
GC Heap History (10 events):
Event: 6.659 GC heap before
{Heap before GC invocations=26 (full 3):
 PSYoungGen      total 87040K, used 86555K [0x00000000d6000000, 0x00000000dc100000, 0x0000000100000000)
  eden space 80896K, 100% used [0x00000000d6000000,0x00000000daf00000,0x00000000daf00000)
  from space 6144K, 92% used [0x00000000db600000,0x00000000dbb86d60,0x00000000dbc00000)
  to   space 7168K, 0% used [0x00000000daf00000,0x00000000daf00000,0x00000000db600000)
 ParOldGen       total 18432K, used 11879K [0x0000000082000000, 0x0000000083200000, 0x00000000d6000000)
  object space 18432K, 64% used [0x0000000082000000,0x0000000082b99c10,0x0000000083200000)
 Metaspace       used 42318K, capacity 44586K, committed 44800K, reserved 1087488K
  class space    used 5651K, capacity 6047K, committed 6144K, reserved 1048576K
Event: 6.669 GC heap after
Heap after GC invocations=26 (full 3):
 PSYoungGen      total 88064K, used 7150K [0x00000000d6000000, 0x00000000dc680000, 0x0000000100000000)
  eden space 80896K, 0% used [0x00000000d6000000,0x00000000d6000000,0x00000000daf00000)
  from space 7168K, 99% used [0x00000000daf00000,0x00000000db5fbad0,0x00000000db600000)
  to   space 9216K, 0% used [0x00000000dbd80000,0x00000000dbd80000,0x00000000dc680000)
 ParOldGen       total 18432K, used 14367K [0x0000000082000000, 0x0000000083200000, 0x00000000d6000000)
  object space 18432K, 77% used [0x0000000082000000,0x0000000082e07f08,0x0000000083200000)
 Metaspace       used 42318K, capacity 44586K, committed 44800K, reserved 1087488K
  class space    used 5651K, capacity 6047K, committed 6144K, reserved 1048576K
}
Event: 7.534 GC heap before
{Heap before GC invocations=27 (full 3):
 PSYoungGen      total 88064K, used 88046K [0x00000000d6000000, 0x00000000dc680000, 0x0000000100000000)
  eden space 80896K, 100% used [0x00000000d6000000,0x00000000daf00000,0x00000000daf00000)
  from space 7168K, 99% used [0x00000000daf00000,0x00000000db5fbad0,0x00000000db600000)
  to   space 9216K, 0% used [0x00000000dbd80000,0x00000000dbd80000,0x00000000dc680000)
 ParOldGen       total 18432K, used 14367K [0x0000000082000000, 0x0000000083200000, 0x00000000d6000000)
  object space 18432K, 77% used [0x0000000082000000,0x0000000082e07f08,0x0000000083200000)
 Metaspace       used 47756K, capacity 50116K, committed 50432K, reserved 1093632K
  class space    used 6425K, capacity 6844K, committed 6912K, reserved 1048576K
Event: 7.542 GC heap after
Heap after GC invocations=27 (full 3):
 PSYoungGen      total 93696K, used 9212K [0x00000000d6000000, 0x00000000dca80000, 0x0000000100000000)
  eden space 84480K, 0% used [0x00000000d6000000,0x00000000d6000000,0x00000000db280000)
  from space 9216K, 99% used [0x00000000dbd80000,0x00000000dc67f178,0x00000000dc680000)
  to   space 11264K, 0% used [0x00000000db280000,0x00000000db280000,0x00000000dbd80000)
 ParOldGen       total 18432K, used 16108K [0x0000000082000000, 0x0000000083200000, 0x00000000d6000000)
  object space 18432K, 87% used [0x0000000082000000,0x0000000082fbb2e8,0x0000000083200000)
 Metaspace       used 47756K, capacity 50116K, committed 50432K, reserved 1093632K
  class space    used 6425K, capacity 6844K, committed 6912K, reserved 1048576K
}
Event: 7.542 GC heap before
{Heap before GC invocations=28 (full 4):
 PSYoungGen      total 93696K, used 9212K [0x00000000d6000000, 0x00000000dca80000, 0x0000000100000000)
  eden space 84480K, 0% used [0x00000000d6000000,0x00000000d6000000,0x00000000db280000)
  from space 9216K, 99% used [0x00000000dbd80000,0x00000000dc67f178,0x00000000dc680000)
  to   space 11264K, 0% used [0x00000000db280000,0x00000000db280000,0x00000000dbd80000)
 ParOldGen       total 18432K, used 16108K [0x0000000082000000, 0x0000000083200000, 0x00000000d6000000)
  object space 18432K, 87% used [0x0000000082000000,0x0000000082fbb2e8,0x0000000083200000)
 Metaspace       used 47756K, capacity 50116K, committed 50432K, reserved 1093632K
  class space    used 6425K, capacity 6844K, committed 6912K, reserved 1048576K
Event: 7.699 GC heap after
Heap after GC invocations=28 (full 4):
 PSYoungGen      total 93696K, used 1946K [0x00000000d6000000, 0x00000000dca80000, 0x0000000100000000)
  eden space 84480K, 0% used [0x00000000d6000000,0x00000000d6000000,0x00000000db280000)
  from space 9216K, 21% used [0x00000000dbd80000,0x00000000dbf66bf0,0x00000000dc680000)
  to   space 11264K, 0% used [0x00000000db280000,0x00000000db280000,0x00000000dbd80000)
 ParOldGen       total 27648K, used 18329K [0x0000000082000000, 0x0000000083b00000, 0x00000000d6000000)
  object space 27648K, 66% used [0x0000000082000000,0x00000000831e6440,0x0000000083b00000)
 Metaspace       used 47756K, capacity 50116K, committed 50432K, reserved 1093632K
  class space    used 6425K, capacity 6844K, committed 6912K, reserved 1048576K
}
Event: 8.632 GC heap before
{Heap before GC invocations=29 (full 4):
 PSYoungGen      total 93696K, used 86426K [0x00000000d6000000, 0x00000000dca80000, 0x0000000100000000)
  eden space 84480K, 100% used [0x00000000d6000000,0x00000000db280000,0x00000000db280000)
  from space 9216K, 21% used [0x00000000dbd80000,0x00000000dbf66bf0,0x00000000dc680000)
  to   space 11264K, 0% used [0x00000000db280000,0x00000000db280000,0x00000000dbd80000)
 ParOldGen       total 27648K, used 18329K [0x0000000082000000, 0x0000000083b00000, 0x00000000d6000000)
  object space 27648K, 66% used [0x0000000082000000,0x00000000831e6440,0x0000000083b00000)
 Metaspace       used 51794K, capacity 54262K, committed 54656K, reserved 1095680K
  class space    used 7006K, capacity 7433K, committed 7552K, reserved 1048576K
Event: 8.639 GC heap after
Heap after GC invocations=29 (full 4):
 PSYoungGen      total 95744K, used 5062K [0x00000000d6000000, 0x00000000dcc80000, 0x0000000100000000)
  eden space 84480K, 0% used [0x00000000d6000000,0x00000000d6000000,0x00000000db280000)
  from space 11264K, 44% used [0x00000000db280000,0x00000000db771bc0,0x00000000dbd80000)
  to   space 11264K, 0% used [0x00000000dc180000,0x00000000dc180000,0x00000000dcc80000)
 ParOldGen       total 27648K, used 18584K [0x0000000082000000, 0x0000000083b00000, 0x00000000d6000000)
  object space 27648K, 67% used [0x0000000082000000,0x0000000083226298,0x0000000083b00000)
 Metaspace       used 51794K, capacity 54262K, committed 54656K, reserved 1095680K
  class space    used 7006K, capacity 7433K, committed 7552K, reserved 1048576K
}
Event: 9.684 GC heap before
{Heap before GC invocations=30 (full 4):
 PSYoungGen      total 95744K, used 89542K [0x00000000d6000000, 0x00000000dcc80000, 0x0000000100000000)
  eden space 84480K, 100% used [0x00000000d6000000,0x00000000db280000,0x00000000db280000)
  from space 11264K, 44% used [0x00000000db280000,0x00000000db771bc0,0x00000000dbd80000)
  to   space 11264K, 0% used [0x00000000dc180000,0x00000000dc180000,0x00000000dcc80000)
 ParOldGen       total 27648K, used 18584K [0x0000000082000000, 0x0000000083b00000, 0x00000000d6000000)
  object space 27648K, 67% used [0x0000000082000000,0x0000000083226298,0x0000000083b00000)
 Metaspace       used 56319K, capacity 59564K, committed 59648K, reserved 1101824K
  class space    used 7619K, capacity 8132K, committed 8192K, reserved 1048576K
Event: 9.691 GC heap after
Heap after GC invocations=30 (full 4):
 PSYoungGen      total 99328K, used 7636K [0x00000000d6000000, 0x00000000dcd00000, 0x0000000100000000)
  eden space 88064K, 0% used [0x00000000d6000000,0x00000000d6000000,0x00000000db600000)
  from space 11264K, 67% used [0x00000000dc180000,0x00000000dc8f5390,0x00000000dcc80000)
  to   space 11776K, 0% used [0x00000000db600000,0x00000000db600000,0x00000000dc180000)
 ParOldGen       total 27648K, used 18592K [0x0000000082000000, 0x0000000083b00000, 0x00000000d6000000)
  object space 27648K, 67% used [0x0000000082000000,0x0000000083228298,0x0000000083b00000)
 Metaspace       used 56319K, capacity 59564K, committed 59648K, reserved 1101824K
  class space    used 7619K, capacity 8132K, committed 8192K, reserved 1048576K
}

