# JRE version: Java(TM) SE Runtime Environment (8.0_11-b12) (build 1.8.0_11-b12)
# Java VM: Java HotSpot(TM) 64-Bit Server VM (25.11-b03 mixed mode windows-amd64 compressed oops)
Heap:
 PSYoungGen      total 87552K, used 72590K [0x00000000d6000000, 0x00000000dc700000, 0x0000000100000000)
  eden space 74752K, 84% used [0x00000000d6000000,0x00000000d9d77b00,0x00000000da900000)
  from space 12800K, 75% used [0x00000000da900000,0x00000000db26be08,0x00000000db580000)
  to   space 13824K, 0% used [0x00000000db980000,0x00000000db980000,0x00000000dc700000)
 ParOldGen       total 26624K, used 18414K [0x0000000082000000, 0x0000000083a00000, 0x00000000d6000000)
  object space 26624K, 69% used [0x0000000082000000,0x00000000831fbae8,0x0000000083a00000)
 Metaspace       used 69966K, capacity 73668K, committed 73940K, reserved 1114112K
  class space    used 9026K, capacity 9606K, committed 9728K, reserved 1048576K
GC Heap History (10 events):
Event: 7.778 GC heap before
{Heap before GC invocations=33 (full 3):
 PSYoungGen      total 78336K, used 22892K [0x00000000d6000000, 0x00000000dbd80000, 0x0000000100000000)
  eden space 67584K, 19% used [0x00000000d6000000,0x00000000d6cbdbf0,0x00000000da200000)
  from space 10752K, 91% used [0x00000000da200000,0x00000000dab9d778,0x00000000dac80000)
  to   space 12288K, 0% used [0x00000000db180000,0x00000000db180000,0x00000000dbd80000)
 ParOldGen       total 18432K, used 14181K [0x0000000082000000, 0x0000000083200000, 0x00000000d6000000)
  object space 18432K, 76% used [0x0000000082000000,0x0000000082dd9690,0x0000000083200000)
 Metaspace       used 53564K, capacity 56558K, committed 56660K, reserved 1097728K
  class space    used 7270K, capacity 7765K, committed 7808K, reserved 1048576K
Event: 7.785 GC heap after
Heap after GC invocations=33 (full 3):
 PSYoungGen      total 82944K, used 7925K [0x00000000d6000000, 0x00000000dc080000, 0x0000000100000000)
  eden space 70656K, 0% used [0x00000000d6000000,0x00000000d6000000,0x00000000da500000)
  from space 12288K, 64% used [0x00000000db180000,0x00000000db93d550,0x00000000dbd80000)
  to   space 12800K, 0% used [0x00000000da500000,0x00000000da500000,0x00000000db180000)
 ParOldGen       total 18432K, used 14189K [0x0000000082000000, 0x0000000083200000, 0x00000000d6000000)
  object space 18432K, 76% used [0x0000000082000000,0x0000000082ddb690,0x0000000083200000)
 Metaspace       used 53564K, capacity 56558K, committed 56660K, reserved 1097728K
  class space    used 7270K, capacity 7765K, committed 7808K, reserved 1048576K
}
Event: 7.785 GC heap before
{Heap before GC invocations=34 (full 4):
 PSYoungGen      total 82944K, used 7925K [0x00000000d6000000, 0x00000000dc080000, 0x0000000100000000)
  eden space 70656K, 0% used [0x00000000d6000000,0x00000000d6000000,0x00000000da500000)
  from space 12288K, 64% used [0x00000000db180000,0x00000000db93d550,0x00000000dbd80000)
  to   space 12800K, 0% used [0x00000000da500000,0x00000000da500000,0x00000000db180000)
 ParOldGen       total 18432K, used 14189K [0x0000000082000000, 0x0000000083200000, 0x00000000d6000000)
  object space 18432K, 76% used [0x0000000082000000,0x0000000082ddb690,0x0000000083200000)
 Metaspace       used 53564K, capacity 56558K, committed 56660K, reserved 1097728K
  class space    used 7270K, capacity 7765K, committed 7808K, reserved 1048576K
Event: 7.948 GC heap after
Heap after GC invocations=34 (full 4):
 PSYoungGen      total 82944K, used 606K [0x00000000d6000000, 0x00000000dc080000, 0x0000000100000000)
  eden space 70656K, 0% used [0x00000000d6000000,0x00000000d6000000,0x00000000da500000)
  from space 12288K, 4% used [0x00000000db180000,0x00000000db217a78,0x00000000dbd80000)
  to   space 12800K, 0% used [0x00000000da500000,0x00000000da500000,0x00000000db180000)
 ParOldGen       total 26624K, used 18390K [0x0000000082000000, 0x0000000083a00000, 0x00000000d6000000)
  object space 26624K, 69% used [0x0000000082000000,0x00000000831f5ae8,0x0000000083a00000)
 Metaspace       used 53564K, capacity 56558K, committed 56660K, reserved 1097728K
  class space    used 7270K, capacity 7765K, committed 7808K, reserved 1048576K
}
Event: 8.859 GC heap before
{Heap before GC invocations=35 (full 4):
 PSYoungGen      total 82944K, used 71262K [0x00000000d6000000, 0x00000000dc080000, 0x0000000100000000)
  eden space 70656K, 100% used [0x00000000d6000000,0x00000000da500000,0x00000000da500000)
  from space 12288K, 4% used [0x00000000db180000,0x00000000db217a78,0x00000000dbd80000)
  to   space 12800K, 0% used [0x00000000da500000,0x00000000da500000,0x00000000db180000)
 ParOldGen       total 26624K, used 18390K [0x0000000082000000, 0x0000000083a00000, 0x00000000d6000000)
  object space 26624K, 69% used [0x0000000082000000,0x00000000831f5ae8,0x0000000083a00000)
 Metaspace       used 57164K, capacity 60576K, committed 60756K, reserved 1101824K
  class space    used 7751K, capacity 8284K, committed 8320K, reserved 1048576K
Event: 8.867 GC heap after
Heap after GC invocations=35 (full 4):
 PSYoungGen      total 83456K, used 5667K [0x00000000d6000000, 0x00000000dc200000, 0x0000000100000000)
  eden space 70656K, 0% used [0x00000000d6000000,0x00000000d6000000,0x00000000da500000)
  from space 12800K, 44% used [0x00000000da500000,0x00000000daa88ce0,0x00000000db180000)
  to   space 12288K, 0% used [0x00000000db600000,0x00000000db600000,0x00000000dc200000)
 ParOldGen       total 26624K, used 18398K [0x0000000082000000, 0x0000000083a00000, 0x00000000d6000000)
  object space 26624K, 69% used [0x0000000082000000,0x00000000831f7ae8,0x0000000083a00000)
 Metaspace       used 57164K, capacity 60576K, committed 60756K, reserved 1101824K
  class space    used 7751K, capacity 8284K, committed 8320K, reserved 1048576K
}
Event: 15.960 GC heap before
{Heap before GC invocations=36 (full 4):
 PSYoungGen      total 83456K, used 76323K [0x00000000d6000000, 0x00000000dc200000, 0x0000000100000000)
  eden space 70656K, 100% used [0x00000000d6000000,0x00000000da500000,0x00000000da500000)
  from space 12800K, 44% used [0x00000000da500000,0x00000000daa88ce0,0x00000000db180000)
  to   space 12288K, 0% used [0x00000000db600000,0x00000000db600000,0x00000000dc200000)
 ParOldGen       total 26624K, used 18398K [0x0000000082000000, 0x0000000083a00000, 0x00000000d6000000)
  object space 26624K, 69% used [0x0000000082000000,0x00000000831f7ae8,0x0000000083a00000)
 Metaspace       used 61945K, capacity 65490K, committed 65620K, reserved 1105920K
  class space    used 8234K, capacity 8783K, committed 8832K, reserved 1048576K
Event: 15.968 GC heap after
Heap after GC invocations=36 (full 4):
 PSYoungGen      total 87040K, used 8770K [0x00000000d6000000, 0x00000000dc200000, 0x0000000100000000)
  eden space 74752K, 0% used [0x00000000d6000000,0x00000000d6000000,0x00000000da900000)
  from space 12288K, 71% used [0x00000000db600000,0x00000000dbe90b80,0x00000000dc200000)
  to   space 12800K, 0% used [0x00000000da900000,0x00000000da900000,0x00000000db580000)
 ParOldGen       total 26624K, used 18406K [0x0000000082000000, 0x0000000083a00000, 0x00000000d6000000)
  object space 26624K, 69% used [0x0000000082000000,0x00000000831f9ae8,0x0000000083a00000)
 Metaspace       used 61945K, capacity 65490K, committed 65620K, reserved 1105920K
  class space    used 8234K, capacity 8783K, committed 8832K, reserved 1048576K
}
Event: 24.312 GC heap before
{Heap before GC invocations=37 (full 4):
 PSYoungGen      total 87040K, used 83522K [0x00000000d6000000, 0x00000000dc200000, 0x0000000100000000)
  eden space 74752K, 100% used [0x00000000d6000000,0x00000000da900000,0x00000000da900000)
  from space 12288K, 71% used [0x00000000db600000,0x00000000dbe90b80,0x00000000dc200000)
  to   space 12800K, 0% used [0x00000000da900000,0x00000000da900000,0x00000000db580000)
 ParOldGen       total 26624K, used 18406K [0x0000000082000000, 0x0000000083a00000, 0x00000000d6000000)
  object space 26624K, 69% used [0x0000000082000000,0x00000000831f9ae8,0x0000000083a00000)
 Metaspace       used 67439K, capacity 71044K, committed 71380K, reserved 1112064K
  class space    used 8775K, capacity 9345K, committed 9472K, reserved 1048576K
Event: 24.318 GC heap after
Heap after GC invocations=37 (full 4):
 PSYoungGen      total 87552K, used 9647K [0x00000000d6000000, 0x00000000dc700000, 0x0000000100000000)
  eden space 74752K, 0% used [0x00000000d6000000,0x00000000d6000000,0x00000000da900000)
  from space 12800K, 75% used [0x00000000da900000,0x00000000db26be08,0x00000000db580000)
  to   space 13824K, 0% used [0x00000000db980000,0x00000000db980000,0x00000000dc700000)
 ParOldGen       total 26624K, used 18414K [0x0000000082000000, 0x0000000083a00000, 0x00000000d6000000)
  object space 26624K, 69% used [0x0000000082000000,0x00000000831fbae8,0x0000000083a00000)
 Metaspace       used 67439K, capacity 71044K, committed 71380K, reserved 1112064K
  class space    used 8775K, capacity 9345K, committed 9472K, reserved 1048576K
}

